#
# There is insufficient memory for the Java Runtime Environment to continue.
# Native memory allocation (mmap) failed to map 85458944 bytes for committing reserved memory.
# Possible reasons:
#   The system is out of physical RAM or swap space
#   In 32 bit mode, the process size limit was hit
# Possible solutions:
#   Reduce memory load on the system
#   Increase physical memory or swap space
#   Check if swap backing store is full
#   Use 64 bit Java on a 64 bit OS
#   Decrease Java heap size (-Xmx/-Xms)
#   Decrease number of Java threads
#   Decrease Java thread stack sizes (-Xss)
#   Set larger code cache with -XX:ReservedCodeCacheSize=
# This output file may be truncated or incomplete.
#
#  Out of Memory Error (os_linux.cpp:2627), pid=8837, tid=0x00007f93852a3700
#
# JRE version:  (8.0_111-b14) (build )
# Java VM: Java HotSpot(TM) 64-Bit Server VM (25.111-b14 mixed mode linux-amd64 compressed oops)
# Failed to write core dump. Core dumps have been disabled. To enable core dumping, try "ulimit -c unlimited" before starting Java again
#

---------------  T H R E A D  ---------------

Current thread (0x00007f937c00a000):  JavaThread "Unknown thread" [_thread_in_vm, id=8845, stack(0x00007f93851a3000,0x00007f93852a4000)]

Stack: [0x00007f93851a3000,0x00007f93852a4000],  sp=0x00007f93852a23c0,  free space=1020k
Native frames: (J=compiled Java code, j=interpreted, Vv=VM code, C=native code)
V  [libjvm.so+0xac5c2a]  VMError::report_and_die()+0x2ba
V  [libjvm.so+0x4fc50b]  report_vm_out_of_memory(char const*, int, unsigned long, VMErrorType, char const*)+0x8b
V  [libjvm.so+0x922ae3]  os::Linux::commit_memory_impl(char*, unsigned long, bool)+0x103
V  [libjvm.so+0x923039]  os::pd_commit_memory(char*, unsigned long, unsigned long, bool)+0x29
V  [libjvm.so+0x91d33a]  os::commit_memory(char*, unsigned long, unsigned long, bool)+0x2a
V  [libjvm.so+0x991ac3]  PSVirtualSpace::expand_by(unsigned long)+0x53
V  [libjvm.so+0x981bd7]  PSOldGen::initialize(ReservedSpace, unsigned long, char const*, int)+0xb7
V  [libjvm.so+0x2d88ea]  AdjoiningGenerations::AdjoiningGenerations(ReservedSpace, GenerationSizer*, unsigned long)+0x39a
V  [libjvm.so+0x945e96]  ParallelScavengeHeap::initialize()+0x1d6
V  [libjvm.so+0xa8dd53]  Universe::initialize_heap()+0xf3
V  [libjvm.so+0xa8e2be]  universe_init()+0x3e
V  [libjvm.so+0x63c925]  init_globals()+0x65
V  [libjvm.so+0xa719be]  Threads::create_vm(JavaVMInitArgs*, bool*)+0x23e
V  [libjvm.so+0x6d11c4]  JNI_CreateJavaVM+0x74
C  [libjli.so+0x745e]  JavaMain+0x9e
C  [libpthread.so.0+0x76ba]  start_thread+0xca


---------------  P R O C E S S  ---------------

Java Threads: ( => current thread )

Other Threads:

=>0x00007f937c00a000 (exited) JavaThread "Unknown thread" [_thread_in_vm, id=8845, stack(0x00007f93851a3000,0x00007f93852a4000)]

VM state:not at safepoint (not fully initialized)

VM Mutex/Monitor currently owned by a thread: None

GC Heap History (0 events):
No events

Deoptimization events (0 events):
No events

Internal exceptions (0 events):
No events

Events (0 events):
No events


Dynamic libraries:
00400000-00401000 r-xp 00000000 fc:00 2366603                            /usr/lib/jvm/java-8-oracle/bin/java
00600000-00601000 rw-p 00000000 fc:00 2366603                            /usr/lib/jvm/java-8-oracle/bin/java
012d8000-012f9000 rw-p 00000000 00:00 0                                  [heap]
8cf80000-d7f80000 ---p 00000000 00:00 0 
d7f80000-da800000 rw-p 00000000 00:00 0 
da800000-100000000 ---p 00000000 00:00 0 
7f936d000000-7f936d270000 rwxp 00000000 00:00 0 
7f936d270000-7f937c000000 ---p 00000000 00:00 0 
7f937c000000-7f937c034000 rw-p 00000000 00:00 0 
7f937c034000-7f9380000000 ---p 00000000 00:00 0 
7f9381902000-7f9381b89000 rw-p 00000000 00:00 0 
7f9381b89000-7f9381e09000 ---p 00000000 00:00 0 
7f9381e09000-7f9381e1e000 rw-p 00000000 00:00 0 
7f9381e1e000-7f9381f4a000 ---p 00000000 00:00 0 
7f9381f4a000-7f9381f55000 rw-p 00000000 00:00 0 
7f9381f55000-7f938230b000 ---p 00000000 00:00 0 
7f938230b000-7f9382325000 r-xp 00000000 fc:00 2495380                    /usr/lib/jvm/java-8-oracle/jre/lib/amd64/libzip.so
7f9382325000-7f9382525000 ---p 0001a000 fc:00 2495380                    /usr/lib/jvm/java-8-oracle/jre/lib/amd64/libzip.so
7f9382525000-7f9382526000 rw-p 0001a000 fc:00 2495380                    /usr/lib/jvm/java-8-oracle/jre/lib/amd64/libzip.so
7f9382526000-7f9382531000 r-xp 00000000 fc:00 3150206                    /lib/x86_64-linux-gnu/libnss_files-2.23.so
7f9382531000-7f9382730000 ---p 0000b000 fc:00 3150206                    /lib/x86_64-linux-gnu/libnss_files-2.23.so
7f9382730000-7f9382731000 r--p 0000a000 fc:00 3150206                    /lib/x86_64-linux-gnu/libnss_files-2.23.so
7f9382731000-7f9382732000 rw-p 0000b000 fc:00 3150206                    /lib/x86_64-linux-gnu/libnss_files-2.23.so
7f9382732000-7f9382738000 rw-p 00000000 00:00 0 
7f9382738000-7f9382743000 r-xp 00000000 fc:00 3150218                    /lib/x86_64-linux-gnu/libnss_nis-2.23.so
7f9382743000-7f9382942000 ---p 0000b000 fc:00 3150218                    /lib/x86_64-linux-gnu/libnss_nis-2.23.so
7f9382942000-7f9382943000 r--p 0000a000 fc:00 3150218                    /lib/x86_64-linux-gnu/libnss_nis-2.23.so
7f9382943000-7f9382944000 rw-p 0000b000 fc:00 3150218                    /lib/x86_64-linux-gnu/libnss_nis-2.23.so
7f9382944000-7f938295a000 r-xp 00000000 fc:00 3145743                    /lib/x86_64-linux-gnu/libnsl-2.23.so
7f938295a000-7f9382b59000 ---p 00016000 fc:00 3145743                    /lib/x86_64-linux-gnu/libnsl-2.23.so
7f9382b59000-7f9382b5a000 r--p 00015000 fc:00 3145743                    /lib/x86_64-linux-gnu/libnsl-2.23.so
7f9382b5a000-7f9382b5b000 rw-p 00016000 fc:00 3145743                    /lib/x86_64-linux-gnu/libnsl-2.23.so
7f9382b5b000-7f9382b5d000 rw-p 00000000 00:00 0 
7f9382b5d000-7f9382b65000 r-xp 00000000 fc:00 3150835                    /lib/x86_64-linux-gnu/libnss_compat-2.23.so
7f9382b65000-7f9382d64000 ---p 00008000 fc:00 3150835                    /lib/x86_64-linux-gnu/libnss_compat-2.23.so
7f9382d64000-7f9382d65000 r--p 00007000 fc:00 3150835                    /lib/x86_64-linux-gnu/libnss_compat-2.23.so
7f9382d65000-7f9382d66000 rw-p 00008000 fc:00 3150835                    /lib/x86_64-linux-gnu/libnss_compat-2.23.so
7f9382d66000-7f9382d91000 r-xp 00000000 fc:00 2495407                    /usr/lib/jvm/java-8-oracle/jre/lib/amd64/libjava.so
7f9382d91000-7f9382f90000 ---p 0002b000 fc:00 2495407                    /usr/lib/jvm/java-8-oracle/jre/lib/amd64/libjava.so
7f9382f90000-7f9382f92000 rw-p 0002a000 fc:00 2495407                    /usr/lib/jvm/java-8-oracle/jre/lib/amd64/libjava.so
7f9382f92000-7f9382f9f000 r-xp 00000000 fc:00 2495358                    /usr/lib/jvm/java-8-oracle/jre/lib/amd64/libverify.so
7f9382f9f000-7f938319e000 ---p 0000d000 fc:00 2495358                    /usr/lib/jvm/java-8-oracle/jre/lib/amd64/libverify.so
7f938319e000-7f93831a0000 rw-p 0000c000 fc:00 2495358                    /usr/lib/jvm/java-8-oracle/jre/lib/amd64/libverify.so
7f93831a0000-7f93831a7000 r-xp 00000000 fc:00 3150820                    /lib/x86_64-linux-gnu/librt-2.23.so
7f93831a7000-7f93833a6000 ---p 00007000 fc:00 3150820                    /lib/x86_64-linux-gnu/librt-2.23.so
7f93833a6000-7f93833a7000 r--p 00006000 fc:00 3150820                    /lib/x86_64-linux-gnu/librt-2.23.so
7f93833a7000-7f93833a8000 rw-p 00007000 fc:00 3150820                    /lib/x86_64-linux-gnu/librt-2.23.so
7f93833a8000-7f93834b0000 r-xp 00000000 fc:00 3150857                    /lib/x86_64-linux-gnu/libm-2.23.so
7f93834b0000-7f93836af000 ---p 00108000 fc:00 3150857                    /lib/x86_64-linux-gnu/libm-2.23.so
7f93836af000-7f93836b0000 r--p 00107000 fc:00 3150857                    /lib/x86_64-linux-gnu/libm-2.23.so
7f93836b0000-7f93836b1000 rw-p 00108000 fc:00 3150857                    /lib/x86_64-linux-gnu/libm-2.23.so
7f93836b1000-7f938437e000 r-xp 00000000 fc:00 2495411                    /usr/lib/jvm/java-8-oracle/jre/lib/amd64/server/libjvm.so
7f938437e000-7f938457d000 ---p 00ccd000 fc:00 2495411                    /usr/lib/jvm/java-8-oracle/jre/lib/amd64/server/libjvm.so
7f938457d000-7f9384656000 rw-p 00ccc000 fc:00 2495411                    /usr/lib/jvm/java-8-oracle/jre/lib/amd64/server/libjvm.so
7f9384656000-7f93846a1000 rw-p 00000000 00:00 0 
7f93846a1000-7f9384861000 r-xp 00000000 fc:00 3150895                    /lib/x86_64-linux-gnu/libc-2.23.so
7f9384861000-7f9384a61000 ---p 001c0000 fc:00 3150895                    /lib/x86_64-linux-gnu/libc-2.23.so
7f9384a61000-7f9384a65000 r--p 001c0000 fc:00 3150895                    /lib/x86_64-linux-gnu/libc-2.23.so
7f9384a65000-7f9384a67000 rw-p 001c4000 fc:00 3150895                    /lib/x86_64-linux-gnu/libc-2.23.so
7f9384a67000-7f9384a6b000 rw-p 00000000 00:00 0 
7f9384a6b000-7f9384a6e000 r-xp 00000000 fc:00 3150833                    /lib/x86_64-linux-gnu/libdl-2.23.so
7f9384a6e000-7f9384c6d000 ---p 00003000 fc:00 3150833                    /lib/x86_64-linux-gnu/libdl-2.23.so
7f9384c6d000-7f9384c6e000 r--p 00002000 fc:00 3150833                    /lib/x86_64-linux-gnu/libdl-2.23.so
7f9384c6e000-7f9384c6f000 rw-p 00003000 fc:00 3150833                    /lib/x86_64-linux-gnu/libdl-2.23.so
7f9384c6f000-7f9384c84000 r-xp 00000000 fc:00 2365818                    /usr/lib/jvm/java-8-oracle/lib/amd64/jli/libjli.so
7f9384c84000-7f9384e84000 ---p 00015000 fc:00 2365818                    /usr/lib/jvm/java-8-oracle/lib/amd64/jli/libjli.so
7f9384e84000-7f9384e85000 rw-p 00015000 fc:00 2365818                    /usr/lib/jvm/java-8-oracle/lib/amd64/jli/libjli.so
7f9384e85000-7f9384e9d000 r-xp 00000000 fc:00 3150216                    /lib/x86_64-linux-gnu/libpthread-2.23.so
7f9384e9d000-7f938509c000 ---p 00018000 fc:00 3150216                    /lib/x86_64-linux-gnu/libpthread-2.23.so
7f938509c000-7f938509d000 r--p 00017000 fc:00 3150216                    /lib/x86_64-linux-gnu/libpthread-2.23.so
7f938509d000-7f938509e000 rw-p 00018000 fc:00 3150216                    /lib/x86_64-linux-gnu/libpthread-2.23.so
7f938509e000-7f93850a2000 rw-p 00000000 00:00 0 
7f93850a2000-7f93850c8000 r-xp 00000000 fc:00 3145822                    /lib/x86_64-linux-gnu/ld-2.23.so
7f93851a3000-7f93851a6000 ---p 00000000 00:00 0 
7f93851a6000-7f93852a8000 rw-p 00000000 00:00 0 
7f93852bb000-7f93852c3000 rw-s 00000000 fc:00 4458527                    /tmp/hsperfdata_jan/8837
7f93852c3000-7f93852c4000 rw-p 00000000 00:00 0 
7f93852c4000-7f93852c5000 r--p 00000000 00:00 0 
7f93852c5000-7f93852c7000 rw-p 00000000 00:00 0 
7f93852c7000-7f93852c8000 r--p 00025000 fc:00 3145822                    /lib/x86_64-linux-gnu/ld-2.23.so
7f93852c8000-7f93852c9000 rw-p 00026000 fc:00 3145822                    /lib/x86_64-linux-gnu/ld-2.23.so
7f93852c9000-7f93852ca000 rw-p 00000000 00:00 0 
7fffaa1e4000-7fffaa206000 rw-p 00000000 00:00 0                          [stack]
7fffaa3c9000-7fffaa3cb000 r--p 00000000 00:00 0                          [vvar]
7fffaa3cb000-7fffaa3cd000 r-xp 00000000 00:00 0                          [vdso]
ffffffffff600000-ffffffffff601000 r-xp 00000000 00:00 0                  [vsyscall]

VM Arguments:
jvm_args: -Dfile.encoding=UTF-8 
java_command: janwebdriver.Json2Java
java_class_path (initial): /home/jan/workspace/JanWebDriver/bin:/home/jan/.p2/pool/plugins/org.junit_4.12.0.v201504281640/junit.jar:/home/jan/.p2/pool/plugins/org.hamcrest.core_1.3.0.v201303031735.jar:/home/jan/janunit/selenium-server-standalone-3.6.0.jar:/home/jan/janunit/jackson-annotations-2.9.2.jar:/home/jan/janunit/jackson-core-2.9.2.jar:/home/jan/janunit/jackson-databind-2.9.2.jar
Launcher Type: SUN_STANDARD

Environment Variables:
JAVA_HOME=/usr/lib/jvm/java-8-oracle
PATH=/usr/local/sbin:/usr/local/bin:/usr/sbin:/usr/bin:/sbin:/bin:/usr/games:/usr/local/games:/snap/bin:/usr/lib/jvm/java-8-oracle/bin:/usr/lib/jvm/java-8-oracle/db/bin:/usr/lib/jvm/java-8-oracle/jre/bin
SHELL=/bin/bash
DISPLAY=:0

Signal Handlers:
SIGSEGV: [libjvm.so+0xac64b0], sa_mask[0]=11111111011111111101111111111110, sa_flags=SA_RESTART|SA_SIGINFO
SIGBUS: [libjvm.so+0xac64b0], sa_mask[0]=11111111011111111101111111111110, sa_flags=SA_RESTART|SA_SIGINFO
SIGFPE: [libjvm.so+0x91f950], sa_mask[0]=11111111011111111101111111111110, sa_flags=SA_RESTART|SA_SIGINFO
SIGPIPE: [libjvm.so+0x91f950], sa_mask[0]=11111111011111111101111111111110, sa_flags=SA_RESTART|SA_SIGINFO
SIGXFSZ: [libjvm.so+0x91f950], sa_mask[0]=11111111011111111101111111111110, sa_flags=SA_RESTART|SA_SIGINFO
SIGILL: [libjvm.so+0x91f950], sa_mask[0]=11111111011111111101111111111110, sa_flags=SA_RESTART|SA_SIGINFO
SIGUSR1: SIG_DFL, sa_mask[0]=00000000000000000000000000000000, sa_flags=none
SIGUSR2: [libjvm.so+0x920f80], sa_mask[0]=00100000000000000000000000000000, sa_flags=SA_RESTART|SA_SIGINFO
SIGHUP: SIG_DFL, sa_mask[0]=00000000000000000000000000000000, sa_flags=none
SIGINT: SIG_DFL, sa_mask[0]=00000000000000000000000000000000, sa_flags=none
SIGTERM: SIG_DFL, sa_mask[0]=00000000000000000000000000000000, sa_flags=none
SIGQUIT: SIG_DFL, sa_mask[0]=00000000000000000000000000000000, sa_flags=none


---------------  S Y S T E M  ---------------

OS:DISTRIB_ID=Ubuntu
DISTRIB_RELEASE=16.04
DISTRIB_CODENAME=xenial
DISTRIB_DESCRIPTION="Ubuntu 16.04.2 LTS"

uname:Linux 4.4.0-83-generic #106-Ubuntu SMP Mon Jun 26 17:54:43 UTC 2017 x86_64
libc:glibc 2.23 NPTL 2.23 
rlimit: STACK 8192k, CORE 0k, NPROC 30571, NOFILE 65536, AS infinity
load average:3.65 1.38 0.83

/proc/meminfo:
MemTotal:        7867988 kB
MemFree:          104532 kB
MemAvailable:      16980 kB
Buffers:            1520 kB
Cached:           608860 kB
SwapCached:        16316 kB
Active:          6106748 kB
Inactive:        1224208 kB
Active(anon):    6084448 kB
Inactive(anon):  1201528 kB
Active(file):      22300 kB
Inactive(file):    22680 kB
Unevictable:        1808 kB
Mlocked:            1808 kB
SwapTotal:       8073212 kB
SwapFree:              0 kB
Dirty:               244 kB
Writeback:             0 kB
AnonPages:       6707764 kB
Mapped:           412796 kB
Shmem:            565440 kB
Slab:             132268 kB
SReclaimable:      51684 kB
SUnreclaim:        80584 kB
KernelStack:       35680 kB
PageTables:       150724 kB
NFS_Unstable:          0 kB
Bounce:                0 kB
WritebackTmp:          0 kB
CommitLimit:    12007204 kB
Committed_AS:   28204632 kB
VmallocTotal:   34359738367 kB
VmallocUsed:           0 kB
VmallocChunk:          0 kB
HardwareCorrupted:     0 kB
AnonHugePages:    991232 kB
CmaTotal:              0 kB
CmaFree:               0 kB
HugePages_Total:       0
HugePages_Free:        0
HugePages_Rsvd:        0
HugePages_Surp:        0
Hugepagesize:       2048 kB
DirectMap4k:      438904 kB
DirectMap2M:     7639040 kB
DirectMap1G:           0 kB


CPU:total 4 (2 cores per cpu, 2 threads per core) family 6 model 61 stepping 4, cmov, cx8, fxsr, mmx, sse, sse2, sse3, ssse3, sse4.1, sse4.2, popcnt, avx, avx2, aes, clmul, erms, rtm, 3dnowpref, lzcnt, ht, tsc, tscinvbit, bmi1, bmi2, adx

/proc/cpuinfo:
processor	: 0
vendor_id	: GenuineIntel
cpu family	: 6
model		: 61
model name	: Intel(R) Core(TM) i5-5300U CPU @ 2.30GHz
stepping	: 4
microcode	: 0x22
cpu MHz		: 2699.984
cache size	: 3072 KB
physical id	: 0
siblings	: 4
core id		: 0
cpu cores	: 2
apicid		: 0
initial apicid	: 0
fpu		: yes
fpu_exception	: yes
cpuid level	: 20
wp		: yes
flags		: fpu vme de pse tsc msr pae mce cx8 apic sep mtrr pge mca cmov pat pse36 clflush dts acpi mmx fxsr sse sse2 ss ht tm pbe syscall nx pdpe1gb rdtscp lm constant_tsc arch_perfmon pebs bts rep_good nopl xtopology nonstop_tsc aperfmperf eagerfpu pni pclmulqdq dtes64 monitor ds_cpl vmx smx est tm2 ssse3 sdbg fma cx16 xtpr pdcm pcid sse4_1 sse4_2 x2apic movbe popcnt tsc_deadline_timer aes xsave avx f16c rdrand lahf_lm abm 3dnowprefetch epb intel_pt tpr_shadow vnmi flexpriority ept vpid fsgsbase tsc_adjust bmi1 hle avx2 smep bmi2 erms invpcid rtm rdseed adx smap xsaveopt dtherm ida arat pln pts
bugs		:
bogomips	: 4589.31
clflush size	: 64
cache_alignment	: 64
address sizes	: 39 bits physical, 48 bits virtual
power management:

processor	: 1
vendor_id	: GenuineIntel
cpu family	: 6
model		: 61
model name	: Intel(R) Core(TM) i5-5300U CPU @ 2.30GHz
stepping	: 4
microcode	: 0x22
cpu MHz		: 2699.984
cache size	: 3072 KB
physical id	: 0
siblings	: 4
core id		: 0
cpu cores	: 2
apicid		: 1
initial apicid	: 1
fpu		: yes
fpu_exception	: yes
cpuid level	: 20
wp		: yes
flags		: fpu vme de pse tsc msr pae mce cx8 apic sep mtrr pge mca cmov pat pse36 clflush dts acpi mmx fxsr sse sse2 ss ht tm pbe syscall nx pdpe1gb rdtscp lm constant_tsc arch_perfmon pebs bts rep_good nopl xtopology nonstop_tsc aperfmperf eagerfpu pni pclmulqdq dtes64 monitor ds_cpl vmx smx est tm2 ssse3 sdbg fma cx16 xtpr pdcm pcid sse4_1 sse4_2 x2apic movbe popcnt tsc_deadline_timer aes xsave avx f16c rdrand lahf_lm abm 3dnowprefetch epb intel_pt tpr_shadow vnmi flexpriority ept vpid fsgsbase tsc_adjust bmi1 hle avx2 smep bmi2 erms invpcid rtm rdseed adx smap xsaveopt dtherm ida arat pln pts
bugs		:
bogomips	: 4589.31
clflush size	: 64
cache_alignment	: 64
address sizes	: 39 bits physical, 48 bits virtual
power management:

processor	: 2
vendor_id	: GenuineIntel
cpu family	: 6
model		: 61
model name	: Intel(R) Core(TM) i5-5300U CPU @ 2.30GHz
stepping	: 4
microcode	: 0x22
cpu MHz		: 2699.984
cache size	: 3072 KB
physical id	: 0
siblings	: 4
core id		: 1
cpu cores	: 2
apicid		: 2
initial apicid	: 2
fpu		: yes
fpu_exception	: yes
cpuid level	: 20
wp		: yes
flags		: fpu vme de pse tsc msr pae mce cx8 apic sep mtrr pge mca cmov pat pse36 clflush dts acpi mmx fxsr sse sse2 ss ht tm pbe syscall nx pdpe1gb rdtscp lm constant_tsc arch_perfmon pebs bts rep_good nopl xtopology nonstop_tsc aperfmperf eagerfpu pni pclmulqdq dtes64 monitor ds_cpl vmx smx est tm2 ssse3 sdbg fma cx16 xtpr pdcm pcid sse4_1 sse4_2 x2apic movbe popcnt tsc_deadline_timer aes xsave avx f16c rdrand lahf_lm abm 3dnowprefetch epb intel_pt tpr_shadow vnmi flexpriority ept vpid fsgsbase tsc_adjust bmi1 hle avx2 smep bmi2 erms invpcid rtm rdseed adx smap xsaveopt dtherm ida arat pln pts
bugs		:
bogomips	: 4589.31
clflush size	: 64
cache_alignment	: 64
address sizes	: 39 bits physical, 48 bits virtual
power management:

processor	: 3
vendor_id	: GenuineIntel
cpu family	: 6
model		: 61
model name	: Intel(R) Core(TM) i5-5300U CPU @ 2.30GHz
stepping	: 4
microcode	: 0x22
cpu MHz		: 2699.984
cache size	: 3072 KB
physical id	: 0
siblings	: 4
core id		: 1
cpu cores	: 2
apicid		: 3
initial apicid	: 3
fpu		: yes
fpu_exception	: yes
cpuid level	: 20
wp		: yes
flags		: fpu vme de pse tsc msr pae mce cx8 apic sep mtrr pge mca cmov pat pse36 clflush dts acpi mmx fxsr sse sse2 ss ht tm pbe syscall nx pdpe1gb rdtscp lm constant_tsc arch_perfmon pebs bts rep_good nopl xtopology nonstop_tsc aperfmperf eagerfpu pni pclmulqdq dtes64 monitor ds_cpl vmx smx est tm2 ssse3 sdbg fma cx16 xtpr pdcm pcid sse4_1 sse4_2 x2apic movbe popcnt tsc_deadline_timer aes xsave avx f16c rdrand lahf_lm abm 3dnowprefetch epb intel_pt tpr_shadow vnmi flexpriority ept vpid fsgsbase tsc_adjust bmi1 hle avx2 smep bmi2 erms invpcid rtm rdseed adx smap xsaveopt dtherm ida arat pln pts
bugs		:
bogomips	: 4589.31
clflush size	: 64
cache_alignment	: 64
address sizes	: 39 bits physical, 48 bits virtual
power management:



Memory: 4k page, physical 7867988k(104976k free), swap 8073212k(0k free)

vm_info: Java HotSpot(TM) 64-Bit Server VM (25.111-b14) for linux-amd64 JRE (1.8.0_111-b14), built on Sep 22 2016 16:14:03 by "java_re" with gcc 4.3.0 20080428 (Red Hat 4.3.0-8)

time: Fri Nov 10 18:13:41 2017
elapsed time: 0 seconds (0d 0h 0m 0s)

